2020-01-18 18:26:09,444 / INFO / root / >>> TanMba is running <<<
2020-01-18 18:26:16,100 / INFO / root / 
+-----------+------------+------------+
| Platforms |    EOS     |    USDT    |
+-----------+------------+------------+
|   HUOBI   |   0.1994   | 9.72044542 |
|  BINANCE  | 3.39660000 | 2.76362000 |
+-----------+------------+------------+
2020-01-18 18:47:03,037 / INFO / root / >>> TanMba is running <<<
2020-01-18 18:47:06,215 / INFO / root / 
+-----------+------------+------------+
| Platforms |    EOS     |    USDT    |
+-----------+------------+------------+
|   HUOBI   |   0.1994   | 9.72044542 |
|  BINANCE  | 3.39660000 | 2.76362000 |
+-----------+------------+------------+
2020-01-18 23:10:25,699 / INFO / root / >>> TanMba is running <<<
2020-01-18 23:14:40,883 / INFO / root / >>> TanMba is running <<<
2020-01-18 23:38:50,969 / INFO / root / >>> TanMba is running <<<
2020-01-18 23:47:16,151 / INFO / root / >>> TanMba is running <<<
2020-01-18 23:51:22,608 / INFO / root / >>> TanMba is running <<<
2020-01-18 23:51:23,930 / INFO / root / 
+-----------+--------+------------+
| Platforms |  EOS   |    USDT    |
+-----------+--------+------------+
|   HUOBI   | 0.1994 | 9.72044542 |
|  BINANCE  | 3.3966 |  2.76362   |
+-----------+--------+------------+
2020-01-19 00:14:52,697 / INFO / root / >>> TanMba is running <<<
2020-01-19 00:14:57,260 / INFO / root / 
+-----------+--------+------------+
| Platforms |  EOS   |    USDT    |
+-----------+--------+------------+
|   HUOBI   | 0.1994 | 9.72044542 |
|  BINANCE  | 3.3966 |  2.76362   |
+-----------+--------+------------+
2020-01-19 00:15:21,456 / INFO / root / >>> TanMba is running <<<
2020-01-19 00:15:21,460 / INFO / root / 
+-----------+------+-------+
| Platforms | EOS  |  USDT |
+-----------+------+-------+
|   HUOBI   | 42.0 | 280.0 |
|  BINANCE  | 42.0 | 280.0 |
+-----------+------+-------+
2020-01-19 00:15:50,144 / INFO / root / >>> TanMba is running <<<
2020-01-19 00:15:50,148 / INFO / root / 
+-----------+------+-------+
| Platforms | EOS  |  USDT |
+-----------+------+-------+
|   HUOBI   | 42.0 | 280.0 |
|  BINANCE  | 42.0 | 280.0 |
+-----------+------+-------+
2020-01-19 00:15:51,163 / WARNING / root.Core / <class 'Exception'>
2020-01-19 00:15:52,169 / WARNING / root.Core / <class 'Exception'>
2020-01-19 00:17:33,686 / INFO / root.analyser.Freq_Analyser / ---> converting collected data to csv, then the program will be terminated ... <---
2020-01-19 00:17:33,689 / INFO / root.analyser.Freq_Analyser / bye bye 再见 ciao wiedersehen :)
2020-01-19 00:17:42,262 / INFO / root / >>> TanMba is running <<<
2020-01-19 00:17:42,273 / INFO / root / 
+-----------+------+-------+
| Platforms | ETH  |  USDT |
+-----------+------+-------+
|   HUOBI   | 42.0 | 280.0 |
|  BINANCE  | 42.0 | 280.0 |
+-----------+------+-------+
2020-01-19 00:17:44,291 / INFO / root.Core / 
>>>>>>>>>>>>>>>>>>>>>>Trade Event<<<<<<<<<<<<<<<<<<<<
--->huobi max bid: 175.63999999999998635758 > binance min ask: 3.82450000000000001066 --- available amount: 26.74559999999999959641 --- operable amount: 26.74559999999999959641

2020-01-19 00:17:44,292 / INFO / root.Core / ---> current margin: 171.8155, applied trade rule: 0.1-999 with rate: 1
2020-01-19 00:17:44,297 / INFO / root.Core / ---> 26.74559999999999959641 ETH were sold in huobi with the price 4697.59718399999928806210 usdt <---
2020-01-19 00:17:44,299 / INFO / root.Core / ---> 26.74559999999999959641 ETH were purchased in binance with the price 102.28854719999999645097 usdt <---
2020-01-19 00:17:44,302 / INFO / root.Core / 
+-----------+---------+--------------------+
| Platforms |   ETH   |        USDT        |
+-----------+---------+--------------------+
|   HUOBI   | 15.2544 | 4977.597183999999  |
|  BINANCE  | 68.7456 | 177.71145280000002 |
+-----------+---------+--------------------+
2020-01-19 00:17:44,302 / INFO / root.Core / 
---> initial eth amount / profit: 84.0 / 0.00000000000000000000 <--- 
---> initial usdt amount / profit: 560.0 / 4595.30863679999947635224 <---
2020-01-19 00:17:49,331 / INFO / root.Core / 
>>>>>>>>>>>>>>>>>>>>>>Trade Event<<<<<<<<<<<<<<<<<<<<
--->huobi max bid: 175.65000000000000568434 > binance min ask: 175.61000000000001364242 --- available amount: 14.23609000000000079922 --- operable amount: 14.23609000000000079922

2020-01-19 00:17:49,332 / INFO / root.Core / ---> current margin: 0.03999999999999204, applied trade rule: 0.01-0.1 with rate: 0.85
2020-01-19 00:17:49,334 / INFO / root.Core / --->  this trade cannot be handled in terms of account balance, waiting for the next <---
2020-01-19 00:17:49,339 / INFO / root.Core / 
+-----------+---------+--------------------+
| Platforms |   ETH   |        USDT        |
+-----------+---------+--------------------+
|   HUOBI   | 15.2544 | 4977.597183999999  |
|  BINANCE  | 68.7456 | 177.71145280000002 |
+-----------+---------+--------------------+
2020-01-19 00:17:49,341 / INFO / root.Core / 
---> initial eth amount / profit: 84.0 / 0.00000000000000000000 <--- 
---> initial usdt amount / profit: 560.0 / 4595.30863679999947635224 <---
2020-01-19 00:18:01,454 / INFO / root.Core / 
>>>>>>>>>>>>>>>>>>>>>>Trade Event<<<<<<<<<<<<<<<<<<<<
--->binance max bid: 175.65999999999999658939 > huobi min ask: 175.62999999999999545253 --- available amount: 0.10027999999999999414 --- operable amount: 0.10027999999999999414

2020-01-19 00:18:01,477 / INFO / root.Core / ---> current margin: 0.030000000000001137, applied trade rule: 0.01-0.1 with rate: 0.85
2020-01-19 00:18:01,490 / INFO / root.Core / ---> 0.10027999999999999414 ETH were sold in binance with the price 17.61518479999999797769 usdt <---
2020-01-19 00:18:01,495 / INFO / root.Core / ---> 0.10027999999999999414 ETH were purchased in huobi with the price 17.61217639999999917677 usdt <---
2020-01-19 00:18:01,498 / INFO / root.Core / 
+-----------+----------+--------------------+
| Platforms |   ETH    |        USDT        |
+-----------+----------+--------------------+
|   HUOBI   | 15.35468 | 4959.985007599999  |
|  BINANCE  | 68.64532 | 195.32663760000003 |
+-----------+----------+--------------------+
2020-01-19 00:18:01,500 / INFO / root.Core / 
---> initial eth amount / profit: 84.0 / 0.00000000000000000000 <--- 
---> initial usdt amount / profit: 560.0 / 4595.31164519999947515316 <---
2020-01-19 00:18:07,529 / INFO / root.Core / 
>>>>>>>>>>>>>>>>>>>>>>Trade Event<<<<<<<<<<<<<<<<<<<<
--->binance max bid: 175.62999999999999545253 > huobi min ask: 175.62000000000000454747 --- available amount: 0.05700000000000000205 --- operable amount: 0.05700000000000000205

2020-01-19 00:18:07,530 / INFO / root.Core / ---> current margin: 0.009999999999990905, applied trade rule: 0.006-0.01 with rate: 0.75
2020-01-19 00:18:07,532 / INFO / root.Core / ---> 0.05700000000000000205 ETH were sold in binance with the price 10.01091000000000086345 usdt <---
2020-01-19 00:18:07,534 / INFO / root.Core / ---> 0.05700000000000000205 ETH were purchased in huobi with the price 10.01034000000000112607 usdt <---
2020-01-19 00:18:07,537 / INFO / root.Core / 
+-----------+----------+--------------------+
| Platforms |   ETH    |        USDT        |
+-----------+----------+--------------------+
|   HUOBI   | 15.41168 | 4949.9746675999995 |
|  BINANCE  | 68.58832 | 205.33754760000002 |
+-----------+----------+--------------------+
2020-01-19 00:18:07,538 / INFO / root.Core / 
---> initial eth amount / profit: 84.0 / 0.00000000000000000000 <--- 
---> initial usdt amount / profit: 560.0 / 4595.31221519999962765723 <---
2020-01-19 00:18:11,292 / INFO / root.analyser.Freq_Analyser / ---> converting collected data to csv, then the program will be terminated ... <---
2020-01-19 00:18:11,299 / INFO / root.analyser.Freq_Analyser / bye bye 再见 ciao wiedersehen :)
2020-01-19 00:18:13,368 / INFO / root / >>> TanMba is running <<<
2020-01-19 00:18:13,374 / INFO / root / 
+-----------+------+-------+
| Platforms | ETH  |  USDT |
+-----------+------+-------+
|   HUOBI   | 42.0 | 280.0 |
|  BINANCE  | 42.0 | 280.0 |
+-----------+------+-------+
2020-01-19 00:18:55,600 / INFO / root.Core / 
>>>>>>>>>>>>>>>>>>>>>>Trade Event<<<<<<<<<<<<<<<<<<<<
--->binance max bid: 175.93999999999999772626 > huobi min ask: 175.93000000000000682121 --- available amount: 0.01012000000000000052 --- operable amount: 0.01012000000000000052

2020-01-19 00:18:55,601 / INFO / root.Core / ---> current margin: 0.009999999999990905, applied trade rule: 0.006-0.01 with rate: 0.75
2020-01-19 00:18:55,601 / INFO / root.Core / --->  this trade cannot be handled in terms of account balance, waiting for the next <---
2020-01-19 00:18:55,607 / INFO / root.Core / 
+-----------+------+-------+
| Platforms | ETH  |  USDT |
+-----------+------+-------+
|   HUOBI   | 42.0 | 280.0 |
|  BINANCE  | 42.0 | 280.0 |
+-----------+------+-------+
2020-01-19 00:18:55,609 / INFO / root.Core / 
---> initial eth amount / profit: 84.0 / 0.00000000000000000000 <--- 
---> initial usdt amount / profit: 560.0 / 0.00000000000000000000 <---
2020-01-19 00:19:00,638 / INFO / root.Core / 
>>>>>>>>>>>>>>>>>>>>>>Trade Event<<<<<<<<<<<<<<<<<<<<
--->binance max bid: 176.00000000000000000000 > huobi min ask: 175.99000000000000909495 --- available amount: 0.18800000000000000044 --- operable amount: 0.18800000000000000044

2020-01-19 00:19:00,638 / INFO / root.Core / ---> current margin: 0.009999999999990905, applied trade rule: 0.006-0.01 with rate: 0.75
2020-01-19 00:19:00,643 / INFO / root.Core / ---> 0.18800000000000000044 ETH were sold in binance with the price 33.08800000000000096634 usdt <---
2020-01-19 00:19:00,646 / INFO / root.Core / ---> 0.18800000000000000044 ETH were purchased in huobi with the price 33.08612000000000108457 usdt <---
2020-01-19 00:19:00,647 / INFO / root.Core / 
+-----------+--------+-----------+
| Platforms |  ETH   |    USDT   |
+-----------+--------+-----------+
|   HUOBI   | 42.188 | 246.91388 |
|  BINANCE  | 41.812 |  313.088  |
+-----------+--------+-----------+
2020-01-19 00:19:00,648 / INFO / root.Core / 
---> initial eth amount / profit: 84.0 / 0.00000000000000000000 <--- 
---> initial usdt amount / profit: 560.0 / 0.00188000000002830348 <---
2020-01-19 00:19:05,674 / INFO / root.Core / 
>>>>>>>>>>>>>>>>>>>>>>Trade Event<<<<<<<<<<<<<<<<<<<<
--->binance max bid: 176.00000000000000000000 > huobi min ask: 175.96999999999999886313 --- available amount: 53.07994000000000056616 --- operable amount: 53.07994000000000056616

2020-01-19 00:19:05,675 / INFO / root.Core / ---> current margin: 0.030000000000001137, applied trade rule: 0.01-0.1 with rate: 0.85
2020-01-19 00:19:05,677 / INFO / root.Core / --->  this trade cannot be handled in terms of account balance, waiting for the next <---
2020-01-19 00:19:05,684 / INFO / root.Core / 
+-----------+--------+-----------+
| Platforms |  ETH   |    USDT   |
+-----------+--------+-----------+
|   HUOBI   | 42.188 | 246.91388 |
|  BINANCE  | 41.812 |  313.088  |
+-----------+--------+-----------+
2020-01-19 00:19:05,686 / INFO / root.Core / 
---> initial eth amount / profit: 84.0 / 0.00000000000000000000 <--- 
---> initial usdt amount / profit: 560.0 / 0.00188000000002830348 <---
2020-01-19 00:19:06,691 / INFO / root.Core / 
>>>>>>>>>>>>>>>>>>>>>>Trade Event<<<<<<<<<<<<<<<<<<<<
--->binance max bid: 176.00000000000000000000 > huobi min ask: 175.96999999999999886313 --- available amount: 0.24063999999999999280 --- operable amount: 0.24063999999999999280

2020-01-19 00:19:06,692 / INFO / root.Core / ---> current margin: 0.030000000000001137, applied trade rule: 0.01-0.1 with rate: 0.85
2020-01-19 00:19:06,696 / INFO / root.Core / ---> 0.24063999999999999280 ETH were sold in binance with the price 42.35264000000000095270 usdt <---
2020-01-19 00:19:06,699 / INFO / root.Core / ---> 0.24063999999999999280 ETH were purchased in huobi with the price 42.34542079999999941720 usdt <---
2020-01-19 00:19:06,702 / INFO / root.Core / 
+-----------+----------+--------------------+
| Platforms |   ETH    |        USDT        |
+-----------+----------+--------------------+
|   HUOBI   | 42.42864 |    204.5684592     |
|  BINANCE  | 41.57136 | 355.44064000000003 |
+-----------+----------+--------------------+
2020-01-19 00:19:06,703 / INFO / root.Core / 
---> initial eth amount / profit: 84.0 / 0.00000000000000000000 <--- 
---> initial usdt amount / profit: 560.0 / 0.00909920000003694440 <---
2020-01-19 00:19:07,710 / INFO / root.Core / 
>>>>>>>>>>>>>>>>>>>>>>Trade Event<<<<<<<<<<<<<<<<<<<<
--->binance max bid: 176.00000000000000000000 > huobi min ask: 175.96999999999999886313 --- available amount: 0.24063999999999999280 --- operable amount: 0.24063999999999999280

2020-01-19 00:19:07,710 / INFO / root.Core / ---> current margin: 0.030000000000001137, applied trade rule: 0.01-0.1 with rate: 0.85
2020-01-19 00:19:07,715 / INFO / root.Core / ---> 0.24063999999999999280 ETH were sold in binance with the price 42.35264000000000095270 usdt <---
2020-01-19 00:19:07,718 / INFO / root.Core / ---> 0.24063999999999999280 ETH were purchased in huobi with the price 42.34542079999999941720 usdt <---
2020-01-19 00:19:07,719 / INFO / root.Core / 
+-----------+----------+--------------------+
| Platforms |   ETH    |        USDT        |
+-----------+----------+--------------------+
|   HUOBI   | 42.66928 |    162.2230384     |
|  BINANCE  | 41.33072 | 397.79328000000004 |
+-----------+----------+--------------------+
2020-01-19 00:19:07,720 / INFO / root.Core / 
---> initial eth amount / profit: 84.0 / 0.00000000000000000000 <--- 
---> initial usdt amount / profit: 560.0 / 0.01631840000004558533 <---
2020-01-19 00:19:08,726 / INFO / root.Core / 
>>>>>>>>>>>>>>>>>>>>>>Trade Event<<<<<<<<<<<<<<<<<<<<
--->binance max bid: 176.00000000000000000000 > huobi min ask: 175.96999999999999886313 --- available amount: 0.24063999999999999280 --- operable amount: 0.24063999999999999280

2020-01-19 00:19:08,727 / INFO / root.Core / ---> current margin: 0.030000000000001137, applied trade rule: 0.01-0.1 with rate: 0.85
2020-01-19 00:19:08,732 / INFO / root.Core / ---> 0.24063999999999999280 ETH were sold in binance with the price 42.35264000000000095270 usdt <---
2020-01-19 00:19:08,735 / INFO / root.Core / ---> 0.24063999999999999280 ETH were purchased in huobi with the price 42.34542079999999941720 usdt <---
2020-01-19 00:19:08,737 / INFO / root.Core / 
+-----------+----------+--------------------+
| Platforms |   ETH    |        USDT        |
+-----------+----------+--------------------+
|   HUOBI   | 42.90992 | 119.87761760000001 |
|  BINANCE  | 41.09008 | 440.14592000000005 |
+-----------+----------+--------------------+
2020-01-19 00:19:08,738 / INFO / root.Core / 
---> initial eth amount / profit: 84.0 / 0.00000000000000000000 <--- 
---> initial usdt amount / profit: 560.0 / 0.02353760000005422626 <---
2020-01-19 00:19:09,744 / INFO / root.Core / 
>>>>>>>>>>>>>>>>>>>>>>Trade Event<<<<<<<<<<<<<<<<<<<<
--->binance max bid: 176.00000000000000000000 > huobi min ask: 175.96999999999999886313 --- available amount: 0.24063999999999999280 --- operable amount: 0.24063999999999999280

2020-01-19 00:19:09,744 / INFO / root.Core / ---> current margin: 0.030000000000001137, applied trade rule: 0.01-0.1 with rate: 0.85
2020-01-19 00:19:09,752 / INFO / root.Core / ---> 0.24063999999999999280 ETH were sold in binance with the price 42.35264000000000095270 usdt <---
2020-01-19 00:19:09,754 / INFO / root.Core / ---> 0.24063999999999999280 ETH were purchased in huobi with the price 42.34542079999999941720 usdt <---
2020-01-19 00:19:09,757 / INFO / root.Core / 
+-----------+----------+--------------------+
| Platforms |   ETH    |        USDT        |
+-----------+----------+--------------------+
|   HUOBI   | 43.15056 | 77.53219680000001  |
|  BINANCE  | 40.84944 | 482.49856000000005 |
+-----------+----------+--------------------+
2020-01-19 00:19:09,760 / INFO / root.Core / 
---> initial eth amount / profit: 84.0 / 0.00000000000000000000 <--- 
---> initial usdt amount / profit: 560.0 / 0.03075680000006286718 <---
2020-01-19 00:19:10,767 / INFO / root.Core / 
>>>>>>>>>>>>>>>>>>>>>>Trade Event<<<<<<<<<<<<<<<<<<<<
--->binance max bid: 176.00999999999999090505 > huobi min ask: 175.96000000000000795808 --- available amount: 0.07220000000000000029 --- operable amount: 0.07220000000000000029

2020-01-19 00:19:10,768 / INFO / root.Core / ---> current margin: 0.04999999999998295, applied trade rule: 0.01-0.1 with rate: 0.85
2020-01-19 00:19:10,774 / INFO / root.Core / ---> 0.07220000000000000029 ETH were sold in binance with the price 12.70792199999999994020 usdt <---
2020-01-19 00:19:10,777 / INFO / root.Core / ---> 0.07220000000000000029 ETH were purchased in huobi with the price 12.70431199999999982708 usdt <---
2020-01-19 00:19:10,779 / INFO / root.Core / 
+-----------+----------+--------------------+
| Platforms |   ETH    |        USDT        |
+-----------+----------+--------------------+
|   HUOBI   | 43.22276 |     64.8278848     |
|  BINANCE  | 40.77724 | 495.20648200000005 |
+-----------+----------+--------------------+
2020-01-19 00:19:10,780 / INFO / root.Core / 
---> initial eth amount / profit: 84.0 / 0.00000000000000000000 <--- 
---> initial usdt amount / profit: 560.0 / 0.03436680000004344038 <---
2020-01-19 00:19:11,784 / INFO / root.Core / 
>>>>>>>>>>>>>>>>>>>>>>Trade Event<<<<<<<<<<<<<<<<<<<<
--->binance max bid: 176.02000000000001023182 > huobi min ask: 175.96999999999999886313 --- available amount: 25.75632999999999839247 --- operable amount: 25.75632999999999839247

2020-01-19 00:19:11,785 / INFO / root.Core / ---> current margin: 0.05000000000001137, applied trade rule: 0.01-0.1 with rate: 0.85
2020-01-19 00:19:11,788 / INFO / root.Core / --->  this trade cannot be handled in terms of account balance, waiting for the next <---
2020-01-19 00:19:11,791 / INFO / root.Core / 
+-----------+----------+--------------------+
| Platforms |   ETH    |        USDT        |
+-----------+----------+--------------------+
|   HUOBI   | 43.22276 |     64.8278848     |
|  BINANCE  | 40.77724 | 495.20648200000005 |
+-----------+----------+--------------------+
2020-01-19 00:19:11,793 / INFO / root.Core / 
---> initial eth amount / profit: 84.0 / 0.00000000000000000000 <--- 
---> initial usdt amount / profit: 560.0 / 0.03436680000004344038 <---
2020-01-19 00:19:12,798 / INFO / root.Core / 
>>>>>>>>>>>>>>>>>>>>>>Trade Event<<<<<<<<<<<<<<<<<<<<
--->binance max bid: 176.06000000000000227374 > huobi min ask: 176.00000000000000000000 --- available amount: 0.01329999999999999932 --- operable amount: 0.01329999999999999932

2020-01-19 00:19:12,799 / INFO / root.Core / ---> current margin: 0.060000000000002274, applied trade rule: 0.01-0.1 with rate: 0.85
2020-01-19 00:19:12,800 / INFO / root.Core / --->  this trade cannot be handled in terms of account balance, waiting for the next <---
2020-01-19 00:19:12,802 / INFO / root.Core / 
+-----------+----------+--------------------+
| Platforms |   ETH    |        USDT        |
+-----------+----------+--------------------+
|   HUOBI   | 43.22276 |     64.8278848     |
|  BINANCE  | 40.77724 | 495.20648200000005 |
+-----------+----------+--------------------+
2020-01-19 00:19:12,804 / INFO / root.Core / 
---> initial eth amount / profit: 84.0 / 0.00000000000000000000 <--- 
---> initial usdt amount / profit: 560.0 / 0.03436680000004344038 <---
2020-01-19 00:19:16,824 / INFO / root.Core / 
>>>>>>>>>>>>>>>>>>>>>>Trade Event<<<<<<<<<<<<<<<<<<<<
--->binance max bid: 175.96000000000000795808 > huobi min ask: 175.93000000000000682121 --- available amount: 0.35210000000000002407 --- operable amount: 0.35210000000000002407

2020-01-19 00:19:16,824 / INFO / root.Core / ---> current margin: 0.030000000000001137, applied trade rule: 0.01-0.1 with rate: 0.85
2020-01-19 00:19:16,827 / INFO / root.Core / ---> 0.35210000000000002407 ETH were sold in binance with the price 61.95551600000001002400 usdt <---
2020-01-19 00:19:16,828 / INFO / root.Core / ---> 0.35210000000000002407 ETH were purchased in huobi with the price 61.94495300000000526097 usdt <---
2020-01-19 00:19:16,832 / INFO / root.Core / 
+-----------+----------+--------------------+
| Platforms |   ETH    |        USDT        |
+-----------+----------+--------------------+
|   HUOBI   | 43.57486 | 2.8829318000000015 |
|  BINANCE  | 40.42514 |     557.161998     |
+-----------+----------+--------------------+
2020-01-19 00:19:16,833 / INFO / root.Core / 
---> initial eth amount / profit: 84.0 / 0.00000000000000000000 <--- 
---> initial usdt amount / profit: 560.0 / 0.04492980000009083597 <---
2020-01-19 00:19:17,840 / INFO / root.Core / 
>>>>>>>>>>>>>>>>>>>>>>Trade Event<<<<<<<<<<<<<<<<<<<<
--->binance max bid: 175.96000000000000795808 > huobi min ask: 175.91999999999998749445 --- available amount: 0.35210000000000002407 --- operable amount: 0.35210000000000002407

2020-01-19 00:19:17,842 / INFO / root.Core / ---> current margin: 0.040000000000020464, applied trade rule: 0.01-0.1 with rate: 0.85
2020-01-19 00:19:17,844 / INFO / root.Core / --->  this trade cannot be handled in terms of account balance, waiting for the next <---
2020-01-19 00:19:17,850 / INFO / root.Core / 
+-----------+----------+--------------------+
| Platforms |   ETH    |        USDT        |
+-----------+----------+--------------------+
|   HUOBI   | 43.57486 | 2.8829318000000015 |
|  BINANCE  | 40.42514 |     557.161998     |
+-----------+----------+--------------------+
2020-01-19 00:19:17,851 / INFO / root.Core / 
---> initial eth amount / profit: 84.0 / 0.00000000000000000000 <--- 
---> initial usdt amount / profit: 560.0 / 0.04492980000009083597 <---
2020-01-19 00:19:18,859 / INFO / root.Core / 
>>>>>>>>>>>>>>>>>>>>>>Trade Event<<<<<<<<<<<<<<<<<<<<
--->binance max bid: 175.96000000000000795808 > huobi min ask: 175.94999999999998863132 --- available amount: 0.35210000000000002407 --- operable amount: 0.35210000000000002407

2020-01-19 00:19:18,860 / INFO / root.Core / ---> current margin: 0.010000000000019327, applied trade rule: 0.01-0.1 with rate: 0.85
2020-01-19 00:19:18,863 / INFO / root.Core / --->  this trade cannot be handled in terms of account balance, waiting for the next <---
2020-01-19 00:19:18,866 / INFO / root.Core / 
+-----------+----------+--------------------+
| Platforms |   ETH    |        USDT        |
+-----------+----------+--------------------+
|   HUOBI   | 43.57486 | 2.8829318000000015 |
|  BINANCE  | 40.42514 |     557.161998     |
+-----------+----------+--------------------+
2020-01-19 00:19:18,867 / INFO / root.Core / 
---> initial eth amount / profit: 84.0 / 0.00000000000000000000 <--- 
---> initial usdt amount / profit: 560.0 / 0.04492980000009083597 <---
2020-01-19 00:19:19,873 / INFO / root.Core / 
>>>>>>>>>>>>>>>>>>>>>>Trade Event<<<<<<<<<<<<<<<<<<<<
--->binance max bid: 175.96999999999999886313 > huobi min ask: 175.93999999999999772626 --- available amount: 0.46379999999999999005 --- operable amount: 0.46379999999999999005

2020-01-19 00:19:19,874 / INFO / root.Core / ---> current margin: 0.030000000000001137, applied trade rule: 0.01-0.1 with rate: 0.85
2020-01-19 00:19:19,875 / INFO / root.Core / --->  this trade cannot be handled in terms of account balance, waiting for the next <---
2020-01-19 00:19:19,879 / INFO / root.Core / 
+-----------+----------+--------------------+
| Platforms |   ETH    |        USDT        |
+-----------+----------+--------------------+
|   HUOBI   | 43.57486 | 2.8829318000000015 |
|  BINANCE  | 40.42514 |     557.161998     |
+-----------+----------+--------------------+
2020-01-19 00:19:19,881 / INFO / root.Core / 
---> initial eth amount / profit: 84.0 / 0.00000000000000000000 <--- 
---> initial usdt amount / profit: 560.0 / 0.04492980000009083597 <---
2020-01-19 00:19:22,900 / INFO / root.Core / 
>>>>>>>>>>>>>>>>>>>>>>Trade Event<<<<<<<<<<<<<<<<<<<<
--->binance max bid: 175.96000000000000795808 > huobi min ask: 175.94999999999998863132 --- available amount: 0.04499999999999999833 --- operable amount: 0.04499999999999999833

2020-01-19 00:19:22,901 / INFO / root.Core / ---> current margin: 0.010000000000019327, applied trade rule: 0.01-0.1 with rate: 0.85
2020-01-19 00:19:22,901 / INFO / root.Core / --->  this trade cannot be handled in terms of account balance, waiting for the next <---
2020-01-19 00:19:22,904 / INFO / root.Core / 
+-----------+----------+--------------------+
| Platforms |   ETH    |        USDT        |
+-----------+----------+--------------------+
|   HUOBI   | 43.57486 | 2.8829318000000015 |
|  BINANCE  | 40.42514 |     557.161998     |
+-----------+----------+--------------------+
2020-01-19 00:19:22,905 / INFO / root.Core / 
---> initial eth amount / profit: 84.0 / 0.00000000000000000000 <--- 
---> initial usdt amount / profit: 560.0 / 0.04492980000009083597 <---
2020-01-19 00:19:23,913 / INFO / root.Core / 
>>>>>>>>>>>>>>>>>>>>>>Trade Event<<<<<<<<<<<<<<<<<<<<
--->binance max bid: 175.96000000000000795808 > huobi min ask: 175.93999999999999772626 --- available amount: 0.04499999999999999833 --- operable amount: 0.04499999999999999833

2020-01-19 00:19:23,914 / INFO / root.Core / ---> current margin: 0.020000000000010232, applied trade rule: 0.01-0.1 with rate: 0.85
2020-01-19 00:19:23,914 / INFO / root.Core / --->  this trade cannot be handled in terms of account balance, waiting for the next <---
2020-01-19 00:19:23,918 / INFO / root.Core / 
+-----------+----------+--------------------+
| Platforms |   ETH    |        USDT        |
+-----------+----------+--------------------+
|   HUOBI   | 43.57486 | 2.8829318000000015 |
|  BINANCE  | 40.42514 |     557.161998     |
+-----------+----------+--------------------+
2020-01-19 00:19:23,919 / INFO / root.Core / 
---> initial eth amount / profit: 84.0 / 0.00000000000000000000 <--- 
---> initial usdt amount / profit: 560.0 / 0.04492980000009083597 <---
2020-01-19 00:19:24,926 / INFO / root.Core / 
>>>>>>>>>>>>>>>>>>>>>>Trade Event<<<<<<<<<<<<<<<<<<<<
--->binance max bid: 175.96000000000000795808 > huobi min ask: 175.91999999999998749445 --- available amount: 0.04499999999999999833 --- operable amount: 0.04499999999999999833

2020-01-19 00:19:24,927 / INFO / root.Core / ---> current margin: 0.040000000000020464, applied trade rule: 0.01-0.1 with rate: 0.85
2020-01-19 00:19:24,927 / INFO / root.Core / --->  this trade cannot be handled in terms of account balance, waiting for the next <---
2020-01-19 00:19:24,930 / INFO / root.Core / 
+-----------+----------+--------------------+
| Platforms |   ETH    |        USDT        |
+-----------+----------+--------------------+
|   HUOBI   | 43.57486 | 2.8829318000000015 |
|  BINANCE  | 40.42514 |     557.161998     |
+-----------+----------+--------------------+
2020-01-19 00:19:24,932 / INFO / root.Core / 
---> initial eth amount / profit: 84.0 / 0.00000000000000000000 <--- 
---> initial usdt amount / profit: 560.0 / 0.04492980000009083597 <---
2020-01-19 00:19:25,939 / INFO / root.Core / 
>>>>>>>>>>>>>>>>>>>>>>Trade Event<<<<<<<<<<<<<<<<<<<<
--->binance max bid: 175.97999999999998976818 > huobi min ask: 175.93000000000000682121 --- available amount: 0.04510000000000000120 --- operable amount: 0.04510000000000000120

2020-01-19 00:19:25,940 / INFO / root.Core / ---> current margin: 0.04999999999998295, applied trade rule: 0.01-0.1 with rate: 0.85
2020-01-19 00:19:25,941 / INFO / root.Core / --->  this trade cannot be handled in terms of account balance, waiting for the next <---
2020-01-19 00:19:25,944 / INFO / root.Core / 
+-----------+----------+--------------------+
| Platforms |   ETH    |        USDT        |
+-----------+----------+--------------------+
|   HUOBI   | 43.57486 | 2.8829318000000015 |
|  BINANCE  | 40.42514 |     557.161998     |
+-----------+----------+--------------------+
2020-01-19 00:19:25,947 / INFO / root.Core / 
---> initial eth amount / profit: 84.0 / 0.00000000000000000000 <--- 
---> initial usdt amount / profit: 560.0 / 0.04492980000009083597 <---
2020-01-19 00:19:26,953 / INFO / root.Core / 
>>>>>>>>>>>>>>>>>>>>>>Trade Event<<<<<<<<<<<<<<<<<<<<
--->binance max bid: 175.97999999999998976818 > huobi min ask: 175.93000000000000682121 --- available amount: 0.04510000000000000120 --- operable amount: 0.04510000000000000120

2020-01-19 00:19:26,954 / INFO / root.Core / ---> current margin: 0.04999999999998295, applied trade rule: 0.01-0.1 with rate: 0.85
2020-01-19 00:19:26,955 / INFO / root.Core / --->  this trade cannot be handled in terms of account balance, waiting for the next <---
2020-01-19 00:19:26,960 / INFO / root.Core / 
+-----------+----------+--------------------+
| Platforms |   ETH    |        USDT        |
+-----------+----------+--------------------+
|   HUOBI   | 43.57486 | 2.8829318000000015 |
|  BINANCE  | 40.42514 |     557.161998     |
+-----------+----------+--------------------+
2020-01-19 00:19:26,961 / INFO / root.Core / 
---> initial eth amount / profit: 84.0 / 0.00000000000000000000 <--- 
---> initial usdt amount / profit: 560.0 / 0.04492980000009083597 <---
2020-01-19 00:19:27,967 / INFO / root.Core / 
>>>>>>>>>>>>>>>>>>>>>>Trade Event<<<<<<<<<<<<<<<<<<<<
--->binance max bid: 175.97999999999998976818 > huobi min ask: 175.93000000000000682121 --- available amount: 0.04510000000000000120 --- operable amount: 0.04510000000000000120

2020-01-19 00:19:27,968 / INFO / root.Core / ---> current margin: 0.04999999999998295, applied trade rule: 0.01-0.1 with rate: 0.85
2020-01-19 00:19:27,969 / INFO / root.Core / --->  this trade cannot be handled in terms of account balance, waiting for the next <---
2020-01-19 00:19:27,972 / INFO / root.Core / 
+-----------+----------+--------------------+
| Platforms |   ETH    |        USDT        |
+-----------+----------+--------------------+
|   HUOBI   | 43.57486 | 2.8829318000000015 |
|  BINANCE  | 40.42514 |     557.161998     |
+-----------+----------+--------------------+
2020-01-19 00:19:27,974 / INFO / root.Core / 
---> initial eth amount / profit: 84.0 / 0.00000000000000000000 <--- 
---> initial usdt amount / profit: 560.0 / 0.04492980000009083597 <---
2020-01-19 00:19:28,981 / INFO / root.Core / 
>>>>>>>>>>>>>>>>>>>>>>Trade Event<<<<<<<<<<<<<<<<<<<<
--->binance max bid: 175.97999999999998976818 > huobi min ask: 175.96000000000000795808 --- available amount: 0.04510000000000000120 --- operable amount: 0.04510000000000000120

2020-01-19 00:19:28,981 / INFO / root.Core / ---> current margin: 0.01999999999998181, applied trade rule: 0.01-0.1 with rate: 0.85
2020-01-19 00:19:28,982 / INFO / root.Core / --->  this trade cannot be handled in terms of account balance, waiting for the next <---
2020-01-19 00:19:28,984 / INFO / root.Core / 
+-----------+----------+--------------------+
| Platforms |   ETH    |        USDT        |
+-----------+----------+--------------------+
|   HUOBI   | 43.57486 | 2.8829318000000015 |
|  BINANCE  | 40.42514 |     557.161998     |
+-----------+----------+--------------------+
2020-01-19 00:19:28,986 / INFO / root.Core / 
---> initial eth amount / profit: 84.0 / 0.00000000000000000000 <--- 
---> initial usdt amount / profit: 560.0 / 0.04492980000009083597 <---
2020-01-19 00:19:29,992 / INFO / root.Core / 
>>>>>>>>>>>>>>>>>>>>>>Trade Event<<<<<<<<<<<<<<<<<<<<
--->binance max bid: 175.97999999999998976818 > huobi min ask: 175.96999999999999886313 --- available amount: 0.04510000000000000120 --- operable amount: 0.04510000000000000120

2020-01-19 00:19:29,992 / INFO / root.Core / ---> current margin: 0.009999999999990905, applied trade rule: 0.006-0.01 with rate: 0.75
2020-01-19 00:19:29,994 / INFO / root.Core / --->  this trade cannot be handled in terms of account balance, waiting for the next <---
2020-01-19 00:19:29,998 / INFO / root.Core / 
+-----------+----------+--------------------+
| Platforms |   ETH    |        USDT        |
+-----------+----------+--------------------+
|   HUOBI   | 43.57486 | 2.8829318000000015 |
|  BINANCE  | 40.42514 |     557.161998     |
+-----------+----------+--------------------+
2020-01-19 00:19:30,000 / INFO / root.Core / 
---> initial eth amount / profit: 84.0 / 0.00000000000000000000 <--- 
---> initial usdt amount / profit: 560.0 / 0.04492980000009083597 <---
2020-01-19 00:19:31,009 / INFO / root.Core / 
>>>>>>>>>>>>>>>>>>>>>>Trade Event<<<<<<<<<<<<<<<<<<<<
--->binance max bid: 175.97999999999998976818 > huobi min ask: 175.96999999999999886313 --- available amount: 0.04510000000000000120 --- operable amount: 0.04510000000000000120

2020-01-19 00:19:31,014 / INFO / root.Core / ---> current margin: 0.009999999999990905, applied trade rule: 0.006-0.01 with rate: 0.75
2020-01-19 00:19:31,015 / INFO / root.Core / --->  this trade cannot be handled in terms of account balance, waiting for the next <---
2020-01-19 00:19:31,018 / INFO / root.Core / 
+-----------+----------+--------------------+
| Platforms |   ETH    |        USDT        |
+-----------+----------+--------------------+
|   HUOBI   | 43.57486 | 2.8829318000000015 |
|  BINANCE  | 40.42514 |     557.161998     |
+-----------+----------+--------------------+
2020-01-19 00:19:31,019 / INFO / root.Core / 
---> initial eth amount / profit: 84.0 / 0.00000000000000000000 <--- 
---> initial usdt amount / profit: 560.0 / 0.04492980000009083597 <---
2020-01-19 00:19:32,026 / INFO / root.Core / 
>>>>>>>>>>>>>>>>>>>>>>Trade Event<<<<<<<<<<<<<<<<<<<<
--->binance max bid: 175.96000000000000795808 > huobi min ask: 175.94999999999998863132 --- available amount: 0.00010000000000000000 --- operable amount: 0.00010000000000000000

2020-01-19 00:19:32,027 / INFO / root.Core / ---> current margin: 0.010000000000019327, applied trade rule: 0.01-0.1 with rate: 0.85
2020-01-19 00:19:32,029 / INFO / root.Core / --->  this trade cannot be handled in terms of account balance, waiting for the next <---
2020-01-19 00:19:32,032 / INFO / root.Core / 
+-----------+----------+--------------------+
| Platforms |   ETH    |        USDT        |
+-----------+----------+--------------------+
|   HUOBI   | 43.57486 | 2.8829318000000015 |
|  BINANCE  | 40.42514 |     557.161998     |
+-----------+----------+--------------------+
2020-01-19 00:19:32,034 / INFO / root.Core / 
---> initial eth amount / profit: 84.0 / 0.00000000000000000000 <--- 
---> initial usdt amount / profit: 560.0 / 0.04492980000009083597 <---
2020-01-19 00:19:34,046 / INFO / root.Core / 
>>>>>>>>>>>>>>>>>>>>>>Trade Event<<<<<<<<<<<<<<<<<<<<
--->binance max bid: 175.96999999999999886313 > huobi min ask: 175.93999999999999772626 --- available amount: 0.00020000000000000001 --- operable amount: 0.00020000000000000001

2020-01-19 00:19:34,047 / INFO / root.Core / ---> current margin: 0.030000000000001137, applied trade rule: 0.01-0.1 with rate: 0.85
2020-01-19 00:19:34,049 / INFO / root.Core / --->  this trade cannot be handled in terms of account balance, waiting for the next <---
2020-01-19 00:19:34,055 / INFO / root.Core / 
+-----------+----------+--------------------+
| Platforms |   ETH    |        USDT        |
+-----------+----------+--------------------+
|   HUOBI   | 43.57486 | 2.8829318000000015 |
|  BINANCE  | 40.42514 |     557.161998     |
+-----------+----------+--------------------+
2020-01-19 00:19:34,056 / INFO / root.Core / 
---> initial eth amount / profit: 84.0 / 0.00000000000000000000 <--- 
---> initial usdt amount / profit: 560.0 / 0.04492980000009083597 <---
2020-01-19 00:19:35,063 / INFO / root.Core / 
>>>>>>>>>>>>>>>>>>>>>>Trade Event<<<<<<<<<<<<<<<<<<<<
--->binance max bid: 175.96999999999999886313 > huobi min ask: 175.94999999999998863132 --- available amount: 0.00020000000000000001 --- operable amount: 0.00020000000000000001

2020-01-19 00:19:35,063 / INFO / root.Core / ---> current margin: 0.020000000000010232, applied trade rule: 0.01-0.1 with rate: 0.85
2020-01-19 00:19:35,064 / INFO / root.Core / --->  this trade cannot be handled in terms of account balance, waiting for the next <---
2020-01-19 00:19:35,070 / INFO / root.Core / 
+-----------+----------+--------------------+
| Platforms |   ETH    |        USDT        |
+-----------+----------+--------------------+
|   HUOBI   | 43.57486 | 2.8829318000000015 |
|  BINANCE  | 40.42514 |     557.161998     |
+-----------+----------+--------------------+
2020-01-19 00:19:35,072 / INFO / root.Core / 
---> initial eth amount / profit: 84.0 / 0.00000000000000000000 <--- 
---> initial usdt amount / profit: 560.0 / 0.04492980000009083597 <---
2020-01-19 00:19:36,079 / INFO / root.Core / 
>>>>>>>>>>>>>>>>>>>>>>Trade Event<<<<<<<<<<<<<<<<<<<<
--->binance max bid: 175.96999999999999886313 > huobi min ask: 175.94999999999998863132 --- available amount: 0.00020000000000000001 --- operable amount: 0.00020000000000000001

2020-01-19 00:19:36,080 / INFO / root.Core / ---> current margin: 0.020000000000010232, applied trade rule: 0.01-0.1 with rate: 0.85
2020-01-19 00:19:36,080 / INFO / root.Core / --->  this trade cannot be handled in terms of account balance, waiting for the next <---
2020-01-19 00:19:36,085 / INFO / root.Core / 
+-----------+----------+--------------------+
| Platforms |   ETH    |        USDT        |
+-----------+----------+--------------------+
|   HUOBI   | 43.57486 | 2.8829318000000015 |
|  BINANCE  | 40.42514 |     557.161998     |
+-----------+----------+--------------------+
2020-01-19 00:19:36,087 / INFO / root.Core / 
---> initial eth amount / profit: 84.0 / 0.00000000000000000000 <--- 
---> initial usdt amount / profit: 560.0 / 0.04492980000009083597 <---
2020-01-19 00:19:37,093 / INFO / root.Core / 
>>>>>>>>>>>>>>>>>>>>>>Trade Event<<<<<<<<<<<<<<<<<<<<
--->binance max bid: 175.96999999999999886313 > huobi min ask: 175.94999999999998863132 --- available amount: 0.00020000000000000001 --- operable amount: 0.00020000000000000001

2020-01-19 00:19:37,094 / INFO / root.Core / ---> current margin: 0.020000000000010232, applied trade rule: 0.01-0.1 with rate: 0.85
2020-01-19 00:19:37,095 / INFO / root.Core / --->  this trade cannot be handled in terms of account balance, waiting for the next <---
2020-01-19 00:19:37,100 / INFO / root.Core / 
+-----------+----------+--------------------+
| Platforms |   ETH    |        USDT        |
+-----------+----------+--------------------+
|   HUOBI   | 43.57486 | 2.8829318000000015 |
|  BINANCE  | 40.42514 |     557.161998     |
+-----------+----------+--------------------+
2020-01-19 00:19:37,102 / INFO / root.Core / 
---> initial eth amount / profit: 84.0 / 0.00000000000000000000 <--- 
---> initial usdt amount / profit: 560.0 / 0.04492980000009083597 <---
2020-01-19 00:19:38,109 / INFO / root.Core / 
>>>>>>>>>>>>>>>>>>>>>>Trade Event<<<<<<<<<<<<<<<<<<<<
--->binance max bid: 175.96999999999999886313 > huobi min ask: 175.93999999999999772626 --- available amount: 0.00020000000000000001 --- operable amount: 0.00020000000000000001

2020-01-19 00:19:38,110 / INFO / root.Core / ---> current margin: 0.030000000000001137, applied trade rule: 0.01-0.1 with rate: 0.85
2020-01-19 00:19:38,111 / INFO / root.Core / --->  this trade cannot be handled in terms of account balance, waiting for the next <---
2020-01-19 00:19:38,117 / INFO / root.Core / 
+-----------+----------+--------------------+
| Platforms |   ETH    |        USDT        |
+-----------+----------+--------------------+
|   HUOBI   | 43.57486 | 2.8829318000000015 |
|  BINANCE  | 40.42514 |     557.161998     |
+-----------+----------+--------------------+
2020-01-19 00:19:38,119 / INFO / root.Core / 
---> initial eth amount / profit: 84.0 / 0.00000000000000000000 <--- 
---> initial usdt amount / profit: 560.0 / 0.04492980000009083597 <---
2020-01-19 00:19:39,126 / INFO / root.Core / 
>>>>>>>>>>>>>>>>>>>>>>Trade Event<<<<<<<<<<<<<<<<<<<<
--->binance max bid: 175.96999999999999886313 > huobi min ask: 175.93999999999999772626 --- available amount: 0.00020000000000000001 --- operable amount: 0.00020000000000000001

2020-01-19 00:19:39,127 / INFO / root.Core / ---> current margin: 0.030000000000001137, applied trade rule: 0.01-0.1 with rate: 0.85
2020-01-19 00:19:39,128 / INFO / root.Core / --->  this trade cannot be handled in terms of account balance, waiting for the next <---
2020-01-19 00:19:39,139 / INFO / root.Core / 
+-----------+----------+--------------------+
| Platforms |   ETH    |        USDT        |
+-----------+----------+--------------------+
|   HUOBI   | 43.57486 | 2.8829318000000015 |
|  BINANCE  | 40.42514 |     557.161998     |
+-----------+----------+--------------------+
2020-01-19 00:19:39,146 / INFO / root.Core / 
---> initial eth amount / profit: 84.0 / 0.00000000000000000000 <--- 
---> initial usdt amount / profit: 560.0 / 0.04492980000009083597 <---
2020-01-19 00:19:40,153 / INFO / root.Core / 
>>>>>>>>>>>>>>>>>>>>>>Trade Event<<<<<<<<<<<<<<<<<<<<
--->binance max bid: 175.96999999999999886313 > huobi min ask: 175.93999999999999772626 --- available amount: 0.00020000000000000001 --- operable amount: 0.00020000000000000001

2020-01-19 00:19:40,154 / INFO / root.Core / ---> current margin: 0.030000000000001137, applied trade rule: 0.01-0.1 with rate: 0.85
2020-01-19 00:19:40,155 / INFO / root.Core / --->  this trade cannot be handled in terms of account balance, waiting for the next <---
2020-01-19 00:19:40,160 / INFO / root.Core / 
+-----------+----------+--------------------+
| Platforms |   ETH    |        USDT        |
+-----------+----------+--------------------+
|   HUOBI   | 43.57486 | 2.8829318000000015 |
|  BINANCE  | 40.42514 |     557.161998     |
+-----------+----------+--------------------+
2020-01-19 00:19:40,162 / INFO / root.Core / 
---> initial eth amount / profit: 84.0 / 0.00000000000000000000 <--- 
---> initial usdt amount / profit: 560.0 / 0.04492980000009083597 <---
2020-01-19 00:19:44,184 / INFO / root.Core / 
>>>>>>>>>>>>>>>>>>>>>>Trade Event<<<<<<<<<<<<<<<<<<<<
--->binance max bid: 175.86000000000001364242 > huobi min ask: 175.84999999999999431566 --- available amount: 0.32925999999999999712 --- operable amount: 0.32925999999999999712

2020-01-19 00:19:44,185 / INFO / root.Core / ---> current margin: 0.010000000000019327, applied trade rule: 0.01-0.1 with rate: 0.85
2020-01-19 00:19:44,186 / INFO / root.Core / --->  this trade cannot be handled in terms of account balance, waiting for the next <---
2020-01-19 00:19:44,190 / INFO / root.Core / 
+-----------+----------+--------------------+
| Platforms |   ETH    |        USDT        |
+-----------+----------+--------------------+
|   HUOBI   | 43.57486 | 2.8829318000000015 |
|  BINANCE  | 40.42514 |     557.161998     |
+-----------+----------+--------------------+
2020-01-19 00:19:44,194 / INFO / root.Core / 
---> initial eth amount / profit: 84.0 / 0.00000000000000000000 <--- 
---> initial usdt amount / profit: 560.0 / 0.04492980000009083597 <---
2020-01-19 00:20:02,284 / INFO / root.Core / 
>>>>>>>>>>>>>>>>>>>>>>Trade Event<<<<<<<<<<<<<<<<<<<<
--->binance max bid: 175.93999999999999772626 > huobi min ask: 175.93000000000000682121 --- available amount: 2.00998000000000009990 --- operable amount: 2.00998000000000009990

2020-01-19 00:20:02,285 / INFO / root.Core / ---> current margin: 0.009999999999990905, applied trade rule: 0.006-0.01 with rate: 0.75
2020-01-19 00:20:02,288 / INFO / root.Core / --->  this trade cannot be handled in terms of account balance, waiting for the next <---
2020-01-19 00:20:02,293 / INFO / root.Core / 
+-----------+----------+--------------------+
| Platforms |   ETH    |        USDT        |
+-----------+----------+--------------------+
|   HUOBI   | 43.57486 | 2.8829318000000015 |
|  BINANCE  | 40.42514 |     557.161998     |
+-----------+----------+--------------------+
2020-01-19 00:20:02,293 / INFO / root.Core / 
---> initial eth amount / profit: 84.0 / 0.00000000000000000000 <--- 
---> initial usdt amount / profit: 560.0 / 0.04492980000009083597 <---
2020-01-19 00:20:03,301 / INFO / root.Core / 
>>>>>>>>>>>>>>>>>>>>>>Trade Event<<<<<<<<<<<<<<<<<<<<
--->binance max bid: 175.93999999999999772626 > huobi min ask: 175.93000000000000682121 --- available amount: 2.00998000000000009990 --- operable amount: 2.00998000000000009990

2020-01-19 00:20:03,301 / INFO / root.Core / ---> current margin: 0.009999999999990905, applied trade rule: 0.006-0.01 with rate: 0.75
2020-01-19 00:20:03,304 / INFO / root.Core / --->  this trade cannot be handled in terms of account balance, waiting for the next <---
2020-01-19 00:20:03,309 / INFO / root.Core / 
+-----------+----------+--------------------+
| Platforms |   ETH    |        USDT        |
+-----------+----------+--------------------+
|   HUOBI   | 43.57486 | 2.8829318000000015 |
|  BINANCE  | 40.42514 |     557.161998     |
+-----------+----------+--------------------+
2020-01-19 00:20:03,310 / INFO / root.Core / 
---> initial eth amount / profit: 84.0 / 0.00000000000000000000 <--- 
---> initial usdt amount / profit: 560.0 / 0.04492980000009083597 <---
2020-01-19 00:20:04,313 / INFO / root.Core / 
>>>>>>>>>>>>>>>>>>>>>>Trade Event<<<<<<<<<<<<<<<<<<<<
--->binance max bid: 175.96000000000000795808 > huobi min ask: 175.93000000000000682121 --- available amount: 1.96093999999999990536 --- operable amount: 1.96093999999999990536

2020-01-19 00:20:04,314 / INFO / root.Core / ---> current margin: 0.030000000000001137, applied trade rule: 0.01-0.1 with rate: 0.85
2020-01-19 00:20:04,317 / INFO / root.Core / --->  this trade cannot be handled in terms of account balance, waiting for the next <---
2020-01-19 00:20:04,321 / INFO / root.Core / 
+-----------+----------+--------------------+
| Platforms |   ETH    |        USDT        |
+-----------+----------+--------------------+
|   HUOBI   | 43.57486 | 2.8829318000000015 |
|  BINANCE  | 40.42514 |     557.161998     |
+-----------+----------+--------------------+
2020-01-19 00:20:04,322 / INFO / root.Core / 
---> initial eth amount / profit: 84.0 / 0.00000000000000000000 <--- 
---> initial usdt amount / profit: 560.0 / 0.04492980000009083597 <---
2020-01-19 00:20:05,326 / INFO / root.Core / 
>>>>>>>>>>>>>>>>>>>>>>Trade Event<<<<<<<<<<<<<<<<<<<<
--->binance max bid: 175.94999999999998863132 > huobi min ask: 175.93000000000000682121 --- available amount: 0.25079000000000001291 --- operable amount: 0.25079000000000001291

2020-01-19 00:20:05,326 / INFO / root.Core / ---> current margin: 0.01999999999998181, applied trade rule: 0.01-0.1 with rate: 0.85
2020-01-19 00:20:05,327 / INFO / root.Core / --->  this trade cannot be handled in terms of account balance, waiting for the next <---
2020-01-19 00:20:05,333 / INFO / root.Core / 
+-----------+----------+--------------------+
| Platforms |   ETH    |        USDT        |
+-----------+----------+--------------------+
|   HUOBI   | 43.57486 | 2.8829318000000015 |
|  BINANCE  | 40.42514 |     557.161998     |
+-----------+----------+--------------------+
2020-01-19 00:20:05,334 / INFO / root.Core / 
---> initial eth amount / profit: 84.0 / 0.00000000000000000000 <--- 
---> initial usdt amount / profit: 560.0 / 0.04492980000009083597 <---
2020-01-19 00:20:07,342 / INFO / root.Core / 
>>>>>>>>>>>>>>>>>>>>>>Trade Event<<<<<<<<<<<<<<<<<<<<
--->binance max bid: 175.91999999999998749445 > huobi min ask: 175.90000000000000568434 --- available amount: 0.24268999999999998907 --- operable amount: 0.24268999999999998907

2020-01-19 00:20:07,343 / INFO / root.Core / ---> current margin: 0.01999999999998181, applied trade rule: 0.01-0.1 with rate: 0.85
2020-01-19 00:20:07,345 / INFO / root.Core / --->  this trade cannot be handled in terms of account balance, waiting for the next <---
2020-01-19 00:20:07,350 / INFO / root.Core / 
+-----------+----------+--------------------+
| Platforms |   ETH    |        USDT        |
+-----------+----------+--------------------+
|   HUOBI   | 43.57486 | 2.8829318000000015 |
|  BINANCE  | 40.42514 |     557.161998     |
+-----------+----------+--------------------+
2020-01-19 00:20:07,351 / INFO / root.Core / 
---> initial eth amount / profit: 84.0 / 0.00000000000000000000 <--- 
---> initial usdt amount / profit: 560.0 / 0.04492980000009083597 <---
2020-01-19 00:20:11,373 / INFO / root.Core / 
>>>>>>>>>>>>>>>>>>>>>>Trade Event<<<<<<<<<<<<<<<<<<<<
--->binance max bid: 175.93000000000000682121 > huobi min ask: 175.91999999999998749445 --- available amount: 0.17940000000000000391 --- operable amount: 0.17940000000000000391

2020-01-19 00:20:11,374 / INFO / root.Core / ---> current margin: 0.010000000000019327, applied trade rule: 0.01-0.1 with rate: 0.85
2020-01-19 00:20:11,377 / INFO / root.Core / --->  this trade cannot be handled in terms of account balance, waiting for the next <---
2020-01-19 00:20:11,381 / INFO / root.Core / 
+-----------+----------+--------------------+
| Platforms |   ETH    |        USDT        |
+-----------+----------+--------------------+
|   HUOBI   | 43.57486 | 2.8829318000000015 |
|  BINANCE  | 40.42514 |     557.161998     |
+-----------+----------+--------------------+
2020-01-19 00:20:11,382 / INFO / root.Core / 
---> initial eth amount / profit: 84.0 / 0.00000000000000000000 <--- 
---> initial usdt amount / profit: 560.0 / 0.04492980000009083597 <---
2020-01-19 00:20:12,387 / INFO / root.Core / 
>>>>>>>>>>>>>>>>>>>>>>Trade Event<<<<<<<<<<<<<<<<<<<<
--->binance max bid: 175.93000000000000682121 > huobi min ask: 175.91999999999998749445 --- available amount: 0.17940000000000000391 --- operable amount: 0.17940000000000000391

2020-01-19 00:20:12,388 / INFO / root.Core / ---> current margin: 0.010000000000019327, applied trade rule: 0.01-0.1 with rate: 0.85
2020-01-19 00:20:12,391 / INFO / root.Core / --->  this trade cannot be handled in terms of account balance, waiting for the next <---
2020-01-19 00:20:12,395 / INFO / root.Core / 
+-----------+----------+--------------------+
| Platforms |   ETH    |        USDT        |
+-----------+----------+--------------------+
|   HUOBI   | 43.57486 | 2.8829318000000015 |
|  BINANCE  | 40.42514 |     557.161998     |
+-----------+----------+--------------------+
2020-01-19 00:20:12,396 / INFO / root.Core / 
---> initial eth amount / profit: 84.0 / 0.00000000000000000000 <--- 
---> initial usdt amount / profit: 560.0 / 0.04492980000009083597 <---
2020-01-19 00:20:23,457 / INFO / root.Core / 
>>>>>>>>>>>>>>>>>>>>>>Trade Event<<<<<<<<<<<<<<<<<<<<
--->binance max bid: 176.00000000000000000000 > huobi min ask: 175.97999999999998976818 --- available amount: 0.17940000000000000391 --- operable amount: 0.17940000000000000391

2020-01-19 00:20:23,468 / INFO / root.Core / ---> current margin: 0.020000000000010232, applied trade rule: 0.01-0.1 with rate: 0.85
2020-01-19 00:20:23,489 / INFO / root.Core / --->  this trade cannot be handled in terms of account balance, waiting for the next <---
2020-01-19 00:20:23,496 / INFO / root.Core / 
+-----------+----------+--------------------+
| Platforms |   ETH    |        USDT        |
+-----------+----------+--------------------+
|   HUOBI   | 43.57486 | 2.8829318000000015 |
|  BINANCE  | 40.42514 |     557.161998     |
+-----------+----------+--------------------+
2020-01-19 00:20:23,503 / INFO / root.Core / 
---> initial eth amount / profit: 84.0 / 0.00000000000000000000 <--- 
---> initial usdt amount / profit: 560.0 / 0.04492980000009083597 <---
2020-01-19 00:20:24,513 / INFO / root.Core / 
>>>>>>>>>>>>>>>>>>>>>>Trade Event<<<<<<<<<<<<<<<<<<<<
--->binance max bid: 176.00000000000000000000 > huobi min ask: 175.97999999999998976818 --- available amount: 0.17940000000000000391 --- operable amount: 0.17940000000000000391

2020-01-19 00:20:24,514 / INFO / root.Core / ---> current margin: 0.020000000000010232, applied trade rule: 0.01-0.1 with rate: 0.85
2020-01-19 00:20:24,516 / INFO / root.Core / --->  this trade cannot be handled in terms of account balance, waiting for the next <---
2020-01-19 00:20:24,523 / INFO / root.Core / 
+-----------+----------+--------------------+
| Platforms |   ETH    |        USDT        |
+-----------+----------+--------------------+
|   HUOBI   | 43.57486 | 2.8829318000000015 |
|  BINANCE  | 40.42514 |     557.161998     |
+-----------+----------+--------------------+
2020-01-19 00:20:24,594 / INFO / root.Core / 
---> initial eth amount / profit: 84.0 / 0.00000000000000000000 <--- 
---> initial usdt amount / profit: 560.0 / 0.04492980000009083597 <---
2020-01-19 00:20:25,602 / INFO / root.Core / 
>>>>>>>>>>>>>>>>>>>>>>Trade Event<<<<<<<<<<<<<<<<<<<<
--->binance max bid: 176.00000000000000000000 > huobi min ask: 175.97999999999998976818 --- available amount: 0.17940000000000000391 --- operable amount: 0.17940000000000000391

2020-01-19 00:20:25,603 / INFO / root.Core / ---> current margin: 0.020000000000010232, applied trade rule: 0.01-0.1 with rate: 0.85
2020-01-19 00:20:25,606 / INFO / root.Core / --->  this trade cannot be handled in terms of account balance, waiting for the next <---
2020-01-19 00:20:25,610 / INFO / root.Core / 
+-----------+----------+--------------------+
| Platforms |   ETH    |        USDT        |
+-----------+----------+--------------------+
|   HUOBI   | 43.57486 | 2.8829318000000015 |
|  BINANCE  | 40.42514 |     557.161998     |
+-----------+----------+--------------------+
2020-01-19 00:20:25,611 / INFO / root.Core / 
---> initial eth amount / profit: 84.0 / 0.00000000000000000000 <--- 
---> initial usdt amount / profit: 560.0 / 0.04492980000009083597 <---
2020-01-19 00:20:26,617 / INFO / root.Core / 
>>>>>>>>>>>>>>>>>>>>>>Trade Event<<<<<<<<<<<<<<<<<<<<
--->binance max bid: 176.00999999999999090505 > huobi min ask: 175.97999999999998976818 --- available amount: 0.17940000000000000391 --- operable amount: 0.17940000000000000391

2020-01-19 00:20:26,618 / INFO / root.Core / ---> current margin: 0.030000000000001137, applied trade rule: 0.01-0.1 with rate: 0.85
2020-01-19 00:20:26,619 / INFO / root.Core / --->  this trade cannot be handled in terms of account balance, waiting for the next <---
2020-01-19 00:20:26,624 / INFO / root.Core / 
+-----------+----------+--------------------+
| Platforms |   ETH    |        USDT        |
+-----------+----------+--------------------+
|   HUOBI   | 43.57486 | 2.8829318000000015 |
|  BINANCE  | 40.42514 |     557.161998     |
+-----------+----------+--------------------+
2020-01-19 00:20:26,626 / INFO / root.Core / 
---> initial eth amount / profit: 84.0 / 0.00000000000000000000 <--- 
---> initial usdt amount / profit: 560.0 / 0.04492980000009083597 <---
2020-01-19 00:20:27,640 / INFO / root.Core / 
>>>>>>>>>>>>>>>>>>>>>>Trade Event<<<<<<<<<<<<<<<<<<<<
--->binance max bid: 176.00999999999999090505 > huobi min ask: 175.97999999999998976818 --- available amount: 0.17940000000000000391 --- operable amount: 0.17940000000000000391

2020-01-19 00:20:27,641 / INFO / root.Core / ---> current margin: 0.030000000000001137, applied trade rule: 0.01-0.1 with rate: 0.85
2020-01-19 00:20:27,646 / INFO / root.Core / --->  this trade cannot be handled in terms of account balance, waiting for the next <---
2020-01-19 00:20:27,659 / INFO / root.Core / 
+-----------+----------+--------------------+
| Platforms |   ETH    |        USDT        |
+-----------+----------+--------------------+
|   HUOBI   | 43.57486 | 2.8829318000000015 |
|  BINANCE  | 40.42514 |     557.161998     |
+-----------+----------+--------------------+
2020-01-19 00:20:27,665 / INFO / root.Core / 
---> initial eth amount / profit: 84.0 / 0.00000000000000000000 <--- 
---> initial usdt amount / profit: 560.0 / 0.04492980000009083597 <---
2020-01-19 00:20:28,673 / INFO / root.Core / 
>>>>>>>>>>>>>>>>>>>>>>Trade Event<<<<<<<<<<<<<<<<<<<<
--->binance max bid: 176.00999999999999090505 > huobi min ask: 175.97999999999998976818 --- available amount: 0.10920000000000000540 --- operable amount: 0.10920000000000000540

2020-01-19 00:20:28,674 / INFO / root.Core / ---> current margin: 0.030000000000001137, applied trade rule: 0.01-0.1 with rate: 0.85
2020-01-19 00:20:28,678 / INFO / root.Core / --->  this trade cannot be handled in terms of account balance, waiting for the next <---
2020-01-19 00:20:28,682 / INFO / root.Core / 
+-----------+----------+--------------------+
| Platforms |   ETH    |        USDT        |
+-----------+----------+--------------------+
|   HUOBI   | 43.57486 | 2.8829318000000015 |
|  BINANCE  | 40.42514 |     557.161998     |
+-----------+----------+--------------------+
2020-01-19 00:20:28,683 / INFO / root.Core / 
---> initial eth amount / profit: 84.0 / 0.00000000000000000000 <--- 
---> initial usdt amount / profit: 560.0 / 0.04492980000009083597 <---
2020-01-19 00:20:29,689 / INFO / root.Core / 
>>>>>>>>>>>>>>>>>>>>>>Trade Event<<<<<<<<<<<<<<<<<<<<
--->binance max bid: 176.00999999999999090505 > huobi min ask: 175.97999999999998976818 --- available amount: 0.10920000000000000540 --- operable amount: 0.10920000000000000540

2020-01-19 00:20:29,691 / INFO / root.Core / ---> current margin: 0.030000000000001137, applied trade rule: 0.01-0.1 with rate: 0.85
2020-01-19 00:20:29,694 / INFO / root.Core / --->  this trade cannot be handled in terms of account balance, waiting for the next <---
2020-01-19 00:20:29,698 / INFO / root.Core / 
+-----------+----------+--------------------+
| Platforms |   ETH    |        USDT        |
+-----------+----------+--------------------+
|   HUOBI   | 43.57486 | 2.8829318000000015 |
|  BINANCE  | 40.42514 |     557.161998     |
+-----------+----------+--------------------+
2020-01-19 00:20:29,700 / INFO / root.Core / 
---> initial eth amount / profit: 84.0 / 0.00000000000000000000 <--- 
---> initial usdt amount / profit: 560.0 / 0.04492980000009083597 <---
2020-01-19 00:20:30,706 / INFO / root.Core / 
>>>>>>>>>>>>>>>>>>>>>>Trade Event<<<<<<<<<<<<<<<<<<<<
--->binance max bid: 176.00999999999999090505 > huobi min ask: 176.00000000000000000000 --- available amount: 9.07890000000000085834 --- operable amount: 9.07890000000000085834

2020-01-19 00:20:30,707 / INFO / root.Core / ---> current margin: 0.009999999999990905, applied trade rule: 0.006-0.01 with rate: 0.75
2020-01-19 00:20:30,712 / INFO / root.Core / --->  this trade cannot be handled in terms of account balance, waiting for the next <---
2020-01-19 00:20:30,715 / INFO / root.Core / 
+-----------+----------+--------------------+
| Platforms |   ETH    |        USDT        |
+-----------+----------+--------------------+
|   HUOBI   | 43.57486 | 2.8829318000000015 |
|  BINANCE  | 40.42514 |     557.161998     |
+-----------+----------+--------------------+
2020-01-19 00:20:30,716 / INFO / root.Core / 
---> initial eth amount / profit: 84.0 / 0.00000000000000000000 <--- 
---> initial usdt amount / profit: 560.0 / 0.04492980000009083597 <---
2020-01-19 00:20:31,722 / INFO / root.Core / 
>>>>>>>>>>>>>>>>>>>>>>Trade Event<<<<<<<<<<<<<<<<<<<<
--->binance max bid: 176.00999999999999090505 > huobi min ask: 175.99000000000000909495 --- available amount: 0.26719999999999999307 --- operable amount: 0.26719999999999999307

2020-01-19 00:20:31,723 / INFO / root.Core / ---> current margin: 0.01999999999998181, applied trade rule: 0.01-0.1 with rate: 0.85
2020-01-19 00:20:31,725 / INFO / root.Core / --->  this trade cannot be handled in terms of account balance, waiting for the next <---
2020-01-19 00:20:31,731 / INFO / root.Core / 
+-----------+----------+--------------------+
| Platforms |   ETH    |        USDT        |
+-----------+----------+--------------------+
|   HUOBI   | 43.57486 | 2.8829318000000015 |
|  BINANCE  | 40.42514 |     557.161998     |
+-----------+----------+--------------------+
2020-01-19 00:20:31,733 / INFO / root.Core / 
---> initial eth amount / profit: 84.0 / 0.00000000000000000000 <--- 
---> initial usdt amount / profit: 560.0 / 0.04492980000009083597 <---
2020-01-19 00:20:32,738 / INFO / root.Core / 
>>>>>>>>>>>>>>>>>>>>>>Trade Event<<<<<<<<<<<<<<<<<<<<
--->binance max bid: 176.00999999999999090505 > huobi min ask: 175.97999999999998976818 --- available amount: 0.88039999999999996039 --- operable amount: 0.88039999999999996039

2020-01-19 00:20:32,739 / INFO / root.Core / ---> current margin: 0.030000000000001137, applied trade rule: 0.01-0.1 with rate: 0.85
2020-01-19 00:20:32,741 / INFO / root.Core / --->  this trade cannot be handled in terms of account balance, waiting for the next <---
2020-01-19 00:20:32,746 / INFO / root.Core / 
+-----------+----------+--------------------+
| Platforms |   ETH    |        USDT        |
+-----------+----------+--------------------+
|   HUOBI   | 43.57486 | 2.8829318000000015 |
|  BINANCE  | 40.42514 |     557.161998     |
+-----------+----------+--------------------+
2020-01-19 00:20:32,747 / INFO / root.Core / 
---> initial eth amount / profit: 84.0 / 0.00000000000000000000 <--- 
---> initial usdt amount / profit: 560.0 / 0.04492980000009083597 <---
2020-01-19 00:20:33,754 / INFO / root.Core / 
>>>>>>>>>>>>>>>>>>>>>>Trade Event<<<<<<<<<<<<<<<<<<<<
--->binance max bid: 176.00999999999999090505 > huobi min ask: 175.97999999999998976818 --- available amount: 0.88039999999999996039 --- operable amount: 0.88039999999999996039

2020-01-19 00:20:33,754 / INFO / root.Core / ---> current margin: 0.030000000000001137, applied trade rule: 0.01-0.1 with rate: 0.85
2020-01-19 00:20:33,757 / INFO / root.Core / --->  this trade cannot be handled in terms of account balance, waiting for the next <---
2020-01-19 00:20:33,761 / INFO / root.Core / 
+-----------+----------+--------------------+
| Platforms |   ETH    |        USDT        |
+-----------+----------+--------------------+
|   HUOBI   | 43.57486 | 2.8829318000000015 |
|  BINANCE  | 40.42514 |     557.161998     |
+-----------+----------+--------------------+
2020-01-19 00:20:33,762 / INFO / root.Core / 
---> initial eth amount / profit: 84.0 / 0.00000000000000000000 <--- 
---> initial usdt amount / profit: 560.0 / 0.04492980000009083597 <---
2020-01-19 00:20:34,769 / INFO / root.Core / 
>>>>>>>>>>>>>>>>>>>>>>Trade Event<<<<<<<<<<<<<<<<<<<<
--->binance max bid: 176.00999999999999090505 > huobi min ask: 175.97999999999998976818 --- available amount: 0.88039999999999996039 --- operable amount: 0.88039999999999996039

2020-01-19 00:20:34,770 / INFO / root.Core / ---> current margin: 0.030000000000001137, applied trade rule: 0.01-0.1 with rate: 0.85
2020-01-19 00:20:34,773 / INFO / root.Core / --->  this trade cannot be handled in terms of account balance, waiting for the next <---
2020-01-19 00:20:34,776 / INFO / root.Core / 
+-----------+----------+--------------------+
| Platforms |   ETH    |        USDT        |
+-----------+----------+--------------------+
|   HUOBI   | 43.57486 | 2.8829318000000015 |
|  BINANCE  | 40.42514 |     557.161998     |
+-----------+----------+--------------------+
2020-01-19 00:20:34,778 / INFO / root.Core / 
---> initial eth amount / profit: 84.0 / 0.00000000000000000000 <--- 
---> initial usdt amount / profit: 560.0 / 0.04492980000009083597 <---
2020-01-19 00:20:35,783 / INFO / root.Core / 
>>>>>>>>>>>>>>>>>>>>>>Trade Event<<<<<<<<<<<<<<<<<<<<
--->binance max bid: 176.00999999999999090505 > huobi min ask: 175.97999999999998976818 --- available amount: 0.88039999999999996039 --- operable amount: 0.88039999999999996039

2020-01-19 00:20:35,784 / INFO / root.Core / ---> current margin: 0.030000000000001137, applied trade rule: 0.01-0.1 with rate: 0.85
2020-01-19 00:20:35,789 / INFO / root.Core / --->  this trade cannot be handled in terms of account balance, waiting for the next <---
2020-01-19 00:20:35,792 / INFO / root.Core / 
+-----------+----------+--------------------+
| Platforms |   ETH    |        USDT        |
+-----------+----------+--------------------+
|   HUOBI   | 43.57486 | 2.8829318000000015 |
|  BINANCE  | 40.42514 |     557.161998     |
+-----------+----------+--------------------+
2020-01-19 00:20:35,793 / INFO / root.Core / 
---> initial eth amount / profit: 84.0 / 0.00000000000000000000 <--- 
---> initial usdt amount / profit: 560.0 / 0.04492980000009083597 <---
2020-01-19 00:20:38,813 / INFO / root.Core / 
>>>>>>>>>>>>>>>>>>>>>>Trade Event<<<<<<<<<<<<<<<<<<<<
--->binance max bid: 175.96999999999999886313 > huobi min ask: 175.96000000000000795808 --- available amount: 0.25929000000000002046 --- operable amount: 0.25929000000000002046

2020-01-19 00:20:38,814 / INFO / root.Core / ---> current margin: 0.009999999999990905, applied trade rule: 0.006-0.01 with rate: 0.75
2020-01-19 00:20:38,817 / INFO / root.Core / --->  this trade cannot be handled in terms of account balance, waiting for the next <---
2020-01-19 00:20:38,822 / INFO / root.Core / 
+-----------+----------+--------------------+
| Platforms |   ETH    |        USDT        |
+-----------+----------+--------------------+
|   HUOBI   | 43.57486 | 2.8829318000000015 |
|  BINANCE  | 40.42514 |     557.161998     |
+-----------+----------+--------------------+
2020-01-19 00:20:38,823 / INFO / root.Core / 
---> initial eth amount / profit: 84.0 / 0.00000000000000000000 <--- 
---> initial usdt amount / profit: 560.0 / 0.04492980000009083597 <---
2020-01-19 00:20:39,830 / INFO / root.Core / 
>>>>>>>>>>>>>>>>>>>>>>Trade Event<<<<<<<<<<<<<<<<<<<<
--->binance max bid: 175.96999999999999886313 > huobi min ask: 175.96000000000000795808 --- available amount: 0.25929000000000002046 --- operable amount: 0.25929000000000002046

2020-01-19 00:20:39,832 / INFO / root.Core / ---> current margin: 0.009999999999990905, applied trade rule: 0.006-0.01 with rate: 0.75
2020-01-19 00:20:39,834 / INFO / root.Core / --->  this trade cannot be handled in terms of account balance, waiting for the next <---
2020-01-19 00:20:39,837 / INFO / root.Core / 
+-----------+----------+--------------------+
| Platforms |   ETH    |        USDT        |
+-----------+----------+--------------------+
|   HUOBI   | 43.57486 | 2.8829318000000015 |
|  BINANCE  | 40.42514 |     557.161998     |
+-----------+----------+--------------------+
2020-01-19 00:20:39,839 / INFO / root.Core / 
---> initial eth amount / profit: 84.0 / 0.00000000000000000000 <--- 
---> initial usdt amount / profit: 560.0 / 0.04492980000009083597 <---
2020-01-19 00:20:48,893 / INFO / root.Core / 
>>>>>>>>>>>>>>>>>>>>>>Trade Event<<<<<<<<<<<<<<<<<<<<
--->binance max bid: 175.75999999999999090505 > huobi min ask: 175.74000000000000909495 --- available amount: 0.09224999999999999867 --- operable amount: 0.09224999999999999867

2020-01-19 00:20:48,894 / INFO / root.Core / ---> current margin: 0.01999999999998181, applied trade rule: 0.01-0.1 with rate: 0.85
2020-01-19 00:20:48,896 / INFO / root.Core / --->  this trade cannot be handled in terms of account balance, waiting for the next <---
2020-01-19 00:20:48,901 / INFO / root.Core / 
+-----------+----------+--------------------+
| Platforms |   ETH    |        USDT        |
+-----------+----------+--------------------+
|   HUOBI   | 43.57486 | 2.8829318000000015 |
|  BINANCE  | 40.42514 |     557.161998     |
+-----------+----------+--------------------+
2020-01-19 00:20:48,902 / INFO / root.Core / 
---> initial eth amount / profit: 84.0 / 0.00000000000000000000 <--- 
---> initial usdt amount / profit: 560.0 / 0.04492980000009083597 <---
2020-01-19 00:21:16,047 / INFO / root.Core / 
>>>>>>>>>>>>>>>>>>>>>>Trade Event<<<<<<<<<<<<<<<<<<<<
--->binance max bid: 175.72999999999998976818 > huobi min ask: 175.71999999999999886313 --- available amount: 0.00040000000000000002 --- operable amount: 0.00040000000000000002

2020-01-19 00:21:16,048 / INFO / root.Core / ---> current margin: 0.009999999999990905, applied trade rule: 0.006-0.01 with rate: 0.75
2020-01-19 00:21:16,049 / INFO / root.Core / --->  this trade cannot be handled in terms of account balance, waiting for the next <---
2020-01-19 00:21:16,052 / INFO / root.Core / 
+-----------+----------+--------------------+
| Platforms |   ETH    |        USDT        |
+-----------+----------+--------------------+
|   HUOBI   | 43.57486 | 2.8829318000000015 |
|  BINANCE  | 40.42514 |     557.161998     |
+-----------+----------+--------------------+
2020-01-19 00:21:16,053 / INFO / root.Core / 
---> initial eth amount / profit: 84.0 / 0.00000000000000000000 <--- 
---> initial usdt amount / profit: 560.0 / 0.04492980000009083597 <---
2020-01-19 00:21:17,058 / INFO / root.Core / 
>>>>>>>>>>>>>>>>>>>>>>Trade Event<<<<<<<<<<<<<<<<<<<<
--->binance max bid: 175.72999999999998976818 > huobi min ask: 175.71999999999999886313 --- available amount: 0.00040000000000000002 --- operable amount: 0.00040000000000000002

2020-01-19 00:21:17,058 / INFO / root.Core / ---> current margin: 0.009999999999990905, applied trade rule: 0.006-0.01 with rate: 0.75
2020-01-19 00:21:17,059 / INFO / root.Core / --->  this trade cannot be handled in terms of account balance, waiting for the next <---
2020-01-19 00:21:17,064 / INFO / root.Core / 
+-----------+----------+--------------------+
| Platforms |   ETH    |        USDT        |
+-----------+----------+--------------------+
|   HUOBI   | 43.57486 | 2.8829318000000015 |
|  BINANCE  | 40.42514 |     557.161998     |
+-----------+----------+--------------------+
2020-01-19 00:21:17,066 / INFO / root.Core / 
---> initial eth amount / profit: 84.0 / 0.00000000000000000000 <--- 
---> initial usdt amount / profit: 560.0 / 0.04492980000009083597 <---
2020-01-19 00:21:53,255 / INFO / root.Core / 
>>>>>>>>>>>>>>>>>>>>>>Trade Event<<<<<<<<<<<<<<<<<<<<
--->binance max bid: 175.72999999999998976818 > huobi min ask: 175.71999999999999886313 --- available amount: 0.00010000000000000000 --- operable amount: 0.00010000000000000000

2020-01-19 00:21:53,256 / INFO / root.Core / ---> current margin: 0.009999999999990905, applied trade rule: 0.006-0.01 with rate: 0.75
2020-01-19 00:21:53,257 / INFO / root.Core / --->  this trade cannot be handled in terms of account balance, waiting for the next <---
2020-01-19 00:21:53,262 / INFO / root.Core / 
+-----------+----------+--------------------+
| Platforms |   ETH    |        USDT        |
+-----------+----------+--------------------+
|   HUOBI   | 43.57486 | 2.8829318000000015 |
|  BINANCE  | 40.42514 |     557.161998     |
+-----------+----------+--------------------+
2020-01-19 00:21:53,263 / INFO / root.Core / 
---> initial eth amount / profit: 84.0 / 0.00000000000000000000 <--- 
---> initial usdt amount / profit: 560.0 / 0.04492980000009083597 <---
2020-01-19 00:21:54,269 / INFO / root.Core / 
>>>>>>>>>>>>>>>>>>>>>>Trade Event<<<<<<<<<<<<<<<<<<<<
--->binance max bid: 175.72999999999998976818 > huobi min ask: 175.71999999999999886313 --- available amount: 0.00010000000000000000 --- operable amount: 0.00010000000000000000

2020-01-19 00:21:54,270 / INFO / root.Core / ---> current margin: 0.009999999999990905, applied trade rule: 0.006-0.01 with rate: 0.75
2020-01-19 00:21:54,270 / INFO / root.Core / --->  this trade cannot be handled in terms of account balance, waiting for the next <---
2020-01-19 00:21:54,277 / INFO / root.Core / 
+-----------+----------+--------------------+
| Platforms |   ETH    |        USDT        |
+-----------+----------+--------------------+
|   HUOBI   | 43.57486 | 2.8829318000000015 |
|  BINANCE  | 40.42514 |     557.161998     |
+-----------+----------+--------------------+
2020-01-19 00:21:54,278 / INFO / root.Core / 
---> initial eth amount / profit: 84.0 / 0.00000000000000000000 <--- 
---> initial usdt amount / profit: 560.0 / 0.04492980000009083597 <---
2020-01-19 00:21:55,285 / INFO / root.Core / 
>>>>>>>>>>>>>>>>>>>>>>Trade Event<<<<<<<<<<<<<<<<<<<<
--->binance max bid: 175.72999999999998976818 > huobi min ask: 175.71999999999999886313 --- available amount: 0.00010000000000000000 --- operable amount: 0.00010000000000000000

2020-01-19 00:21:55,286 / INFO / root.Core / ---> current margin: 0.009999999999990905, applied trade rule: 0.006-0.01 with rate: 0.75
2020-01-19 00:21:55,286 / INFO / root.Core / --->  this trade cannot be handled in terms of account balance, waiting for the next <---
2020-01-19 00:21:55,291 / INFO / root.Core / 
+-----------+----------+--------------------+
| Platforms |   ETH    |        USDT        |
+-----------+----------+--------------------+
|   HUOBI   | 43.57486 | 2.8829318000000015 |
|  BINANCE  | 40.42514 |     557.161998     |
+-----------+----------+--------------------+
2020-01-19 00:21:55,293 / INFO / root.Core / 
---> initial eth amount / profit: 84.0 / 0.00000000000000000000 <--- 
---> initial usdt amount / profit: 560.0 / 0.04492980000009083597 <---
2020-01-19 00:21:58,309 / INFO / root.Core / 
>>>>>>>>>>>>>>>>>>>>>>Trade Event<<<<<<<<<<<<<<<<<<<<
--->binance max bid: 175.72999999999998976818 > huobi min ask: 175.71000000000000795808 --- available amount: 0.44805000000000000382 --- operable amount: 0.44805000000000000382

2020-01-19 00:21:58,310 / INFO / root.Core / ---> current margin: 0.01999999999998181, applied trade rule: 0.01-0.1 with rate: 0.85
2020-01-19 00:21:58,312 / INFO / root.Core / --->  this trade cannot be handled in terms of account balance, waiting for the next <---
2020-01-19 00:21:58,316 / INFO / root.Core / 
+-----------+----------+--------------------+
| Platforms |   ETH    |        USDT        |
+-----------+----------+--------------------+
|   HUOBI   | 43.57486 | 2.8829318000000015 |
|  BINANCE  | 40.42514 |     557.161998     |
+-----------+----------+--------------------+
2020-01-19 00:21:58,318 / INFO / root.Core / 
---> initial eth amount / profit: 84.0 / 0.00000000000000000000 <--- 
---> initial usdt amount / profit: 560.0 / 0.04492980000009083597 <---
2020-01-19 00:21:59,325 / INFO / root.Core / 
>>>>>>>>>>>>>>>>>>>>>>Trade Event<<<<<<<<<<<<<<<<<<<<
--->binance max bid: 175.72999999999998976818 > huobi min ask: 175.71000000000000795808 --- available amount: 0.44805000000000000382 --- operable amount: 0.44805000000000000382

2020-01-19 00:21:59,326 / INFO / root.Core / ---> current margin: 0.01999999999998181, applied trade rule: 0.01-0.1 with rate: 0.85
2020-01-19 00:21:59,329 / INFO / root.Core / --->  this trade cannot be handled in terms of account balance, waiting for the next <---
2020-01-19 00:21:59,333 / INFO / root.Core / 
+-----------+----------+--------------------+
| Platforms |   ETH    |        USDT        |
+-----------+----------+--------------------+
|   HUOBI   | 43.57486 | 2.8829318000000015 |
|  BINANCE  | 40.42514 |     557.161998     |
+-----------+----------+--------------------+
2020-01-19 00:21:59,334 / INFO / root.Core / 
---> initial eth amount / profit: 84.0 / 0.00000000000000000000 <--- 
---> initial usdt amount / profit: 560.0 / 0.04492980000009083597 <---
2020-01-19 00:22:00,107 / INFO / root.analyser.Freq_Analyser / ---> converting collected data to csv, then the program will be terminated ... <---
2020-01-19 00:22:00,109 / INFO / root.analyser.Freq_Analyser / bye bye 再见 ciao wiedersehen :)
